<?xml version="1.0" encoding="UTF-8" ?>
<testsuite failures="0" time="0.009" errors="0" skipped="0" tests="1" name="com.juvenxu.mvnbook.account.email.AppTest">
  <properties>
    <property name="java.runtime.name" value="Java(TM) SE Runtime Environment"/>
    <property name="sun.boot.library.path" value="C:\Program Files\Java\jdk1.6.0_19\jre\bin"/>
    <property name="java.vm.version" value="16.2-b04"/>
    <property name="java.vm.vendor" value="Sun Microsystems Inc."/>
    <property name="java.vendor.url" value="http://java.sun.com/"/>
    <property name="path.separator" value=";"/>
    <property name="java.vm.name" value="Java HotSpot(TM) Client VM"/>
    <property name="file.encoding.pkg" value="sun.io"/>
    <property name="user.country" value="CN"/>
    <property name="sun.java.launcher" value="SUN_STANDARD"/>
    <property name="sun.os.patch.level" value="Service Pack 1"/>
    <property name="java.vm.specification.name" value="Java Virtual Machine Specification"/>
    <property name="user.dir" value="F:\Study\MyBatis\account-email\account-email"/>
    <property name="java.runtime.version" value="1.6.0_19-b04"/>
    <property name="java.awt.graphicsenv" value="sun.awt.Win32GraphicsEnvironment"/>
    <property name="basedir" value="F:\Study\MyBatis\account-email\account-email"/>
    <property name="java.endorsed.dirs" value="C:\Program Files\Java\jdk1.6.0_19\jre\lib\endorsed"/>
    <property name="os.arch" value="x86"/>
    <property name="surefire.real.class.path" value="F:\Study\MyBatis\account-email\account-email\target\surefire\surefirebooter6489375899767329420.jar"/>
    <property name="java.io.tmpdir" value="C:\Users\ADMINI~1\AppData\Local\Temp\"/>
    <property name="line.separator" value="
"/>
    <property name="java.vm.specification.vendor" value="Sun Microsystems Inc."/>
    <property name="user.variant" value=""/>
    <property name="os.name" value="Windows 7"/>
    <property name="sun.jnu.encoding" value="GBK"/>
    <property name="java.library.path" value="C:\Program Files\Java\jdk1.6.0_19\jre\bin;.;C:\Windows\Sun\Java\bin;C:\Windows\system32;C:\Windows;F:\app\Administrator\product\11.1.0\db_1\bin;C:\Windows\system32;C:\Windows;C:\Windows\System32\Wbem;C:\Windows\System32\WindowsPowerShell\v1.0\;C:\Program Files\Intel\WiFi\bin\;C:\Program Files\Common Files\Intel\WirelessCommon\;C:\Program Files\Common Files\Thunder Network\KanKan\Codecs;C:\Program Files\Java\jdk1.6.0_19\bin;C:\Program Files\apache-ant-1.8.3\bin;C:\Program Files\MySQL\MySQL Server 5.5\bin;C:\Program Files\apache-maven-3.0.4\bin;C:\Program Files\Windows7Master;C:\Program Files\Microsoft SQL Server\90\Tools\binn\"/>
    <property name="surefire.test.class.path" value="F:\Study\MyBatis\account-email\account-email\target\test-classes;F:\Study\MyBatis\account-email\account-email\target\classes;C:\Users\Administrator\.m2\repository\junit\junit\4.11\junit-4.11.jar;C:\Users\Administrator\.m2\repository\org\hamcrest\hamcrest-core\1.3\hamcrest-core-1.3.jar;C:\Users\Administrator\.m2\repository\org\springframework\spring-core\2.5.6\spring-core-2.5.6.jar;C:\Users\Administrator\.m2\repository\commons-logging\commons-logging\1.1.1\commons-logging-1.1.1.jar;C:\Users\Administrator\.m2\repository\org\springframework\spring-beans\2.5.6\spring-beans-2.5.6.jar;C:\Users\Administrator\.m2\repository\org\springframework\spring-context\2.5.6\spring-context-2.5.6.jar;C:\Users\Administrator\.m2\repository\aopalliance\aopalliance\1.0\aopalliance-1.0.jar;C:\Users\Administrator\.m2\repository\org\springframework\spring-context-support\2.5.6\spring-context-support-2.5.6.jar;C:\Users\Administrator\.m2\repository\javax\mail\mail\1.4.1\mail-1.4.1.jar;C:\Users\Administrator\.m2\repository\javax\activation\activation\1.1\activation-1.1.jar;C:\Users\Administrator\.m2\repository\com\icegreen\greenmail\1.3.1b\greenmail-1.3.1b.jar;C:\Users\Administrator\.m2\repository\org\slf4j\slf4j-api\1.3.1\slf4j-api-1.3.1.jar;"/>
    <property name="java.specification.name" value="Java Platform API Specification"/>
    <property name="java.class.version" value="50.0"/>
    <property name="sun.management.compiler" value="HotSpot Client Compiler"/>
    <property name="os.version" value="6.1"/>
    <property name="user.home" value="C:\Users\Administrator"/>
    <property name="user.timezone" value="Asia/Shanghai"/>
    <property name="java.awt.printerjob" value="sun.awt.windows.WPrinterJob"/>
    <property name="java.specification.version" value="1.6"/>
    <property name="file.encoding" value="GBK"/>
    <property name="user.name" value="Administrator"/>
    <property name="java.class.path" value="F:\Study\MyBatis\account-email\account-email\target\test-classes;F:\Study\MyBatis\account-email\account-email\target\classes;C:\Users\Administrator\.m2\repository\junit\junit\4.11\junit-4.11.jar;C:\Users\Administrator\.m2\repository\org\hamcrest\hamcrest-core\1.3\hamcrest-core-1.3.jar;C:\Users\Administrator\.m2\repository\org\springframework\spring-core\2.5.6\spring-core-2.5.6.jar;C:\Users\Administrator\.m2\repository\commons-logging\commons-logging\1.1.1\commons-logging-1.1.1.jar;C:\Users\Administrator\.m2\repository\org\springframework\spring-beans\2.5.6\spring-beans-2.5.6.jar;C:\Users\Administrator\.m2\repository\org\springframework\spring-context\2.5.6\spring-context-2.5.6.jar;C:\Users\Administrator\.m2\repository\aopalliance\aopalliance\1.0\aopalliance-1.0.jar;C:\Users\Administrator\.m2\repository\org\springframework\spring-context-support\2.5.6\spring-context-support-2.5.6.jar;C:\Users\Administrator\.m2\repository\javax\mail\mail\1.4.1\mail-1.4.1.jar;C:\Users\Administrator\.m2\repository\javax\activation\activation\1.1\activation-1.1.jar;C:\Users\Administrator\.m2\repository\com\icegreen\greenmail\1.3.1b\greenmail-1.3.1b.jar;C:\Users\Administrator\.m2\repository\org\slf4j\slf4j-api\1.3.1\slf4j-api-1.3.1.jar;"/>
    <property name="java.vm.specification.version" value="1.0"/>
    <property name="sun.arch.data.model" value="32"/>
    <property name="java.home" value="C:\Program Files\Java\jdk1.6.0_19\jre"/>
    <property name="java.specification.vendor" value="Sun Microsystems Inc."/>
    <property name="user.language" value="zh"/>
    <property name="awt.toolkit" value="sun.awt.windows.WToolkit"/>
    <property name="java.vm.info" value="mixed mode, sharing"/>
    <property name="java.version" value="1.6.0_19"/>
    <property name="java.ext.dirs" value="C:\Program Files\Java\jdk1.6.0_19\jre\lib\ext;C:\Windows\Sun\Java\lib\ext"/>
    <property name="sun.boot.class.path" value="C:\Program Files\Java\jdk1.6.0_19\jre\lib\resources.jar;C:\Program Files\Java\jdk1.6.0_19\jre\lib\rt.jar;C:\Program Files\Java\jdk1.6.0_19\jre\lib\sunrsasign.jar;C:\Program Files\Java\jdk1.6.0_19\jre\lib\jsse.jar;C:\Program Files\Java\jdk1.6.0_19\jre\lib\jce.jar;C:\Program Files\Java\jdk1.6.0_19\jre\lib\charsets.jar;C:\Program Files\Java\jdk1.6.0_19\jre\classes"/>
    <property name="java.vendor" value="Sun Microsystems Inc."/>
    <property name="localRepository" value="C:\Users\Administrator\.m2\repository"/>
    <property name="file.separator" value="\"/>
    <property name="java.vendor.url.bug" value="http://java.sun.com/cgi-bin/bugreport.cgi"/>
    <property name="sun.cpu.endian" value="little"/>
    <property name="sun.io.unicode.encoding" value="UnicodeLittle"/>
    <property name="sun.desktop" value="windows"/>
    <property name="sun.cpu.isalist" value="pentium_pro+mmx pentium_pro pentium+mmx pentium i486 i386 i86"/>
  </properties>
  <testcase time="0" classname="com.juvenxu.mvnbook.account.email.AppTest" name="testApp"/>
</testsuite>